<?xml version="1.0" encoding="UTF-8"?>
<!-- Generated by org.testng.reporters.JUnitXMLReporter -->
<testsuite hostname="admin-PC" name="Test" tests="1" failures="0" timestamp="27 Aug 2015 11:04:14 GMT" time="0.015" errors="0">
  <testcase name="@BeforeTest urlSpecification" time="0.0" classname="demo.SeleniumTest4">
    <failure type="java.lang.NoClassDefFoundError" message="com/google/common/base/Function">
      <![CDATA[java.lang.NoClassDefFoundError: com/google/common/base/Function
	at demo.SeleniumTest4.urlSpecification(SeleniumTest4.java:22)
Caused by: java.lang.ClassNotFoundException: com.google.common.base.Function
	at java.net.URLClassLoader$1.run(Unknown Source)
	at java.net.URLClassLoader$1.run(Unknown Source)
	at java.security.AccessController.doPrivileged(Native Method)
	at java.net.URLClassLoader.findClass(Unknown Source)
	at java.lang.ClassLoader.loadClass(Unknown Source)
	at sun.misc.Launcher$AppClassLoader.loadClass(Unknown Source)
	at java.lang.ClassLoader.loadClass(Unknown Source)
	... 22 more
... Removed 21 stack frames]]>
    </failure>
  </testcase> <!-- @BeforeTest urlSpecification -->
  <testcase name="seleniumTest" time="0.0" classname="demo.SeleniumTest4">
    <skipped/>
  </testcase> <!-- seleniumTest -->
</testsuite> <!-- Test -->
